2025-06-25 10:33:36,847 - INFO - Iniciando envio de mensagens diárias...
2025-06-25 10:33:55,418 - INFO - Mensagem enviada para +5598987374705
2025-06-25 10:34:00,918 - INFO - Automação interrompida pelo usuário
2025-06-25 10:39:36,817 - INFO - Iniciando envio de mensagens diárias...
2025-06-25 10:39:58,485 - INFO - Mensagem enviada para +5598987374705
2025-06-25 10:40:50,126 - INFO - Mensagem enviada para +5598988565723
2025-06-25 10:40:56,805 - INFO - Automação interrompida pelo usuário
2025-06-25 10:42:47,638 - INFO - Iniciando envio de mensagens diárias...
2025-06-25 10:43:09,468 - INFO - Mensagem enviada para +5598987374705
2025-06-25 10:44:01,201 - INFO - Mensagem enviada para +5598988565723
2025-06-25 10:44:31,201 - INFO - Envio de mensagens diárias concluído!
2025-06-25 10:50:42,694 - INFO - Automação interrompida pelo usuário
2025-06-25 10:51:45,165 - INFO - Iniciando envio de mensagens diárias...
2025-06-25 10:51:45,166 - INFO - Iniciando envio para +5598987374705
2025-06-25 10:52:12,739 - INFO - Mensagem enviada para +5598987374705
2025-06-25 10:52:42,739 - INFO - Iniciando envio para +5598988565723
2025-06-25 10:53:10,269 - INFO - Mensagem enviada para +5598988565723
2025-06-25 10:53:40,269 - INFO - Envio de mensagens diárias concluído!
2025-06-25 10:53:47,174 - INFO - Automação interrompida pelo usuário
2025-06-25 10:55:24,518 - INFO - Iniciando envio de mensagens diárias...
2025-06-25 10:55:24,519 - INFO - Iniciando envio para +5598987374705
2025-06-25 10:55:53,190 - INFO - Mensagem enviada para +5598987374705
2025-06-25 10:56:23,191 - INFO - Iniciando envio para +5598988565723
2025-06-25 10:56:51,827 - INFO - Mensagem enviada para +5598988565723
2025-06-25 10:57:21,828 - INFO - Envio de mensagens diárias concluído!
2025-06-25 11:00:44,449 - INFO - Automação interrompida pelo usuário
